1199620
398582
559221
2124850
1647943
3721064
321453
1664114
4354895
286908
4598533
492542
6402715
1246864
11539289
7426056
13799768
516290
2649876
9339702
2137038
513078
8148325
819031
9270684
3098286
430529
1138643
2539122
541692
3812252
17873762
10500132
19460568
14379316
1165018
10594120
155216
4040741
16933831
21746203
82383
3833687
25651981
10692855
8576683
772425
35072014
1761434
7237031
47692919
312333
46223244
16429867
8398335
29504167
46657867
24142867
24626775
1073300
3897757
6764498
10634818
63871440
2064379
25739460
3094681
16763701
6230954
49130287
2859898
30924345
44366819
473157
49247900
13264623
42900252
60190197
58618128
45659623
77819054
72539055
91160500
68610835
995315
62263929
41232378
2759211
20249519
12183200
87565866
8247896
26506584
7554593
24388379
67157134
78522546
103164675
15684399
44513656
63266509
7862765
8500312
111510301
30334489
82430191
3256333
109784981
66287854
3741418
37565393
130850150
92409996
69634181
18594165
110530117
56587513
33947837
133968331
32811801
38109401
46348812
32849255
37982759
81626486
7946381
137829252
43349067
85384421
49920373
123224859
85314238
85386092
126997177
66509536
48981450
61727194
80919267
77701507
40100079
13180581
35058979
26129582
56621733
130065643
35312328
4199412
26858016
72181985
27124101
62925807
24752293
58993676
99098470
22748726
171567996
13646693
20267527
51444049
33021518
93532539
63318646
122105323
156100675
193907546
4098551
69452714
142974444
17442464
184534321
59200420
158417096
68764268
165396060
151475876
173614960
115381283
59470591
105002473
136019642
206440725
263392
18241426
49514916
190367359
200123250
158055668
104437620
2331674
24898221
179497617
1129273
92818158
168643679
204497672
19552107
1821985
135566728
20801524
173932757
92303241
35161108
60276234
181736754
106008831
81642634
71198204
115691551
7408891
141088881
152475880
163549709
32110379
91226433
180168781
46289890
242619539
100433224
102003145
198639651
139800006
31532972
11435213
133942876
209787746
48032992
26019211
256075348
80244639
138489507
30766088
214551788
6389400
219222022
200402289
216398237
218024930
71863918
292730795
238564990
61572687
14850460
54461317
203853818
77202172
172916437
168845200
171168731
48697443
201221144
313441970
8557314
55031983
40027935
118732783
250399801
324921531
166420101
195967670
32196619
102288491
159417991
1475492
338329838
65110638
333185108
80775203
204492389
132664415
366190605
302198813
14650340
189262132
37899893
377828063
145920166
198721083
122660949
27104726
135690505
283702409
280963523
130966234
385392235
2227323
98571594
229783992
98614307
72986941
79724092
262099800
1916926
369553899
285027242
338838752
19885353
182247568
229431292
339351704
50684377
448613355
315409777
232450366
27759230
24936728
20941783
48192822
447875658
257194630
216642035
216383377
308146716
105291310
147630053
54857485
31038878
54432898
289660493
2746290
98966728
27622338
52064031
98265805
287713218
356630430
100357604
245534218
172406378
324649450
75228446
139155615
77165147
67907224
228751548
253977936
34122447
148033721
61886661
133784536
360394575
189469593
313163702
383461610
56225736
116467874
163550769
251763545
247569891
26765849
462544031
319146439
413810409
347721262
248425467
419218080
136447273
13188040
115875815
388929462
34415247
88376829
118654990
505217554
148019383
259056922
526199684
120131213
100924617
530202329
17750216
271298178
147890065
70674265
160301141
116720066
21228923
479326546
243332248
41024178
38275287
129248830
339263614
287524249
18995486
192784296
190537837
211551405
482583263
652126050
114470749
10328777
230294401
56460324
288112857
538872108
263080023
72138982
31877390
236638591
42949571
363946473
48864449
182410059
599048343
32145639
1590656
142994694
65748069
136062743
265088766
189686414
287647810
102516739
51724933
15147658
247208950
376833036
552970126
71126035
221040811
640941569
171503624
4671780
610736179
534321467
576597584
30631837
45818224
104513835
397101702
496212925
503412810
6590165
18271633
423509489
217442300
3254197
542634851
16531794
241153449
190771802
364332118
539073994
10687767
75999211
72009650
186224103
379995859
419854499
84777960
559777505
280095892
660729427
473064813
127084493
292220963
143288293
73526818
15978966
492947666
267014728
512484645
244544562
18816403
102408850
34099598
93618999
301844051
189375189
236995044
147712803
246080592
719611502
269148064
348792317
448227216
49199091
446107602
472229437
123891446
606699390
372315553
219241332
38091986
554982624
418667522
167220313
585752832
94669077
6083668
325910139
770768484
3657990
775684646
126381195
794096107
394273463
579861491
296115503
144226865
685038733
145611297
349005293
134032358
169854214
398678271
501944917
2062372
705872206
522933122
663325662
44185390
95226331
183099752
73901415
10953383
691785334
594312040
309290198
377195889
341730180
181562171
510440568
225279702
81033117
593538314
641327553
286038059
372878284
145482617
424962964
36576746
261496736
24029355
664515335
196751402
823861492
675499748
506983048
853825633
440871357
185121119
9541549
170505981
417825523
762324603
255378051
293781365
747082262
263726499
333675140
69738191
349515801
304485480
919760031
828590653
721947233
719489567
502077047
223527336
25541693
375816691
862441195
689922668
137770318
79383023
740105316
360953349
276662521
616006556
449072060
258656769
665984832
202628073
483656764
276561931
449018882
951387077
134838963
743400244
24625280
71389351
6207050
926912920
152251770
129114865
187112039
804275620
125904382
36931542
629805659
77053784
192336048
752456403
374224589
658625862
444315177
749953942
421096989
438135354
788767988
365709254
782817492
31069368
2968612
578571961
792115741
198520038
665713908
738332633
212331924
872907545
476195988
765575924
193499787
847159419
377780381
375664115
82734301
120223978
654233240
424246208
49191132
19389911
412847930
115595050
608346932
51089754
722615200
465088828
328539201
802662467
90121833
868339535
817806221
266269441
548214583
873674074
68882528
303617031
231371385
15426499
44730793
104267409
1054299187
434835817
939768511
175848402
384568334
746784116
928011573
549633562
290726632
675258721
828457467
869289525
629344152
435337462
14164015
698047658
923656472
625619839
566250275
890967896
507506361
772883105
389045793
107542812
437315760
1046975546
371297612
893706766
365517671
746633355
605239869
737052573
854773747
794513102
157090512
164928323
87552898
350562803
215827710
298119270
834569012
403284516
585764734
1038343289
129202104
163762025
802634066
86824006
140133912
359877855
907559722
507259410
865728585
221061634
476797464
195386875
186499530
36600371
349084812
23183670
417760091
710674427
891769002
272753312
810988720
620213954
819454059
472430700
600021525
226138464
631803008
592734684
449931957
258811726
173260296
510622859
149165948
346135849
98099839
640701707
32272300
579718388
880104474
821639887
338340707
112036861
997520288
260330895
158041751
521333872
612373447
15148415
14359303
1191361665
8262624
328574083
868082593
457948185
505543798
227625960
138927988
51041243
336525706
1204930390
492560061
593629406
94141883
125102990
1002036786
1164942424
74835217
484404940
281232054
592724286
221338977
440144031
463966472
831641185
96129603
1210159873
159909841
398695967
480303743
1237980471
412706224
309377037
5572235
139307126
209072886
554270279
784048493
594312193
443423580
1226064392
532764511
85279362
383245067
944530168
562490054
1017255939
289579746
800097522
631533910
829660719
896475764
244702699
566989821
634305800
485584074
609544001
1192300475
716003017
375415191
34775215
338049998
255395725
478530054
707116149
1193207183
55084298
953829263
72855079
276621138
142743290
969678436
184520012
994416766
663880022
509384426
411452427
553903478
382812962
12603929
750151716
336541157
1114974512
205440119
657911283
1329131928
763482972
1069917067
29045238
109469132
358375771
985549027
285623265
999473792
863531378
320165634
954368054
604821077
849341394
624045918
391356069
365360800
210791741
1160942462
460380160
14281972
576435043
540185356
906132279
1252069661
761132358
1137348417
674933569
3171758
230191335
448193299
628916168
1107713922
304898048
885830273
614403369
793015813
243762778
1247519853
68229340
31346525
585630233
450622835
769233368
1427279199
921435949
9586021
961053467
148571901
1338258281
759618055
409852429
238137230
293852761
433414855
94593874
457768932
676156379
1073264370
332535643
160363201
20444288
22990694
424475769
56705573
1216023683
21653714
638707297
666364024
130545086
284357370
897570799
885585848
497771128
49697429
470176765
175838505
438453344
940722411
1129806307
310701639
332673739
802187947
1295168162
860449465
148378304
396282923
918895094
787684488
922108033
200883471
513593293
615832238
24312568
383861504
312401738
67362971
668821310
624454020
369995645
215436718
136390327
408226146
149395600
1407319363
1379489177
1369807439
245116148
353621516
39382970
542507111
1104015840
94510345
1037412505
834775510
827161256
358763397
727028306
247419177
350302747
751168027
1486047224
50915652
534793328
1449075227
1553751617
873960515
1021877686
1120193671
369861460
19231523
1121703789
115075976
566487945
610060302
739074541
678715949
1213598358
1055334506
98973598
437919181
212955140
877022820
471931052
1287735336
551922184
933799773
910987844
1193561571
1239187347
550729021
827051950
903895884
1219265923
475299409
276399677
560059642
1511496846
1333655819
570802762
853772956
953998615
294168970
1514304589
779191710
567314170
155044738
310170542
255615224
231131126
446799174
1400862089
90684581
915035144
1164765176
707889902
1083211349
569651230
392760717
447738705
1579951486
390366253
25801227
1159570351
583333004
1291235535
1410026207
1101845986
40678579
768934609
898229052
89860365
130896211
372234924
203476022
341881193
525311183
155722505
97896674
155536247
155851645
249289988
146230755
416071533
878002709
940309775
1302106362
532470295
1113758203
1615569672
341263394
1041111856
585785890
437364016
910624507
53204291
206812837
773102983
1497095884
297887099
1164065538
1223531204
784831300
1724806575
944256665
551506398
189263774
569399447
1247239738
282892295
90852700
874004665
351508898
105241125
203505352
23130675
1285548307
1382840704
540086788
356910101
188823773
86998695
7713794
245274431
270208101
534399017
1140996435
1229809413
932305584
1047681603
560589517
379650773
1310005837
166561256
1362698137
107328794
779668599
1620437599
623090480
1181426290
1509810492
667544022
644041945
985014133
1190915183
1740733526
194632674
505870235
450765910
1140823910
285580486
463441214
62573982
83060600
600899360
1094520704
926527476
462345923
544818197
97307831
607113752
1030227916
26138297
137791285
445529597
166339768
879413571
145576940
729801558
451282220
1654545265
769500777
1510330642
332117253
1147403347
149280776
817681550
1402236145
1846207259
219470907
1303571877
1726587063
1180348469
1538159428
740756837
196705810
417486809
1454756800
1338827940
402919254
444786172
72792253
282073020
387737971
149063351
1083611284
1217371450
1559796680
409169843
1822922514
612673469
15672991
189972984
1296900595
1798006466
1185674332
920766706
1703209569
386536617
152740026
747926735
1209476610
737097244
1371146487
1805789892
767902677
98103448
103592060
746901587
1639689091
688735024
24989919
449148449
768960691
617071683
861173779
1171978371
1169779160
372064652
1400485675
476261691
26712035
1324781103
1255127730
30953070
1475421901
320565978
301455790
1419353418
421390204
1698552449
523683026
395515069
868383106
346436186
520749390
1628528281
1084592681
36471977
1105996989
248764421
440453654
572683558
338623685
28500239
1323722371
101149615
820137820
934038286
270183309
975748217
412458354
1926804663
822961525
141976293
718822219
1596873398
472882641
729718879
824871572
1768171880
1704354562
666966854
706927709
1346982483
1575608393
1388799239
742059147
512639621
886029930
787698012
1812837179
1626878997
1071044743
1918790814
1441319585
212304488
1828622861
428610372
1187184577
1304936473
963511428
775812795
52000775
29825737
1580687454
545154502
1033217252
856307265
1382362983
1225276146
845668407
1324022634
544381089
11899650
236537860
279155917
85364197
679073255
302617918
330383063
159419881
1078449549
1365672133
833753467
292356209
149512591
553183169
1319506038
857250617
87638618
1694623440
1573450014
736549955
2012336687
421562297
1516878442
955844430
328067789
1260939573
364672164
395848138
696104155
120328628
961770351
1173915278
1433275304
212803492
896137287
967145478
128765401
588629348
145510556
626479251
1708520706
885247304
585779767
690148523
378114355
102349915
388240339
720696079
750214540
1522041741
275131059
41008185
1630803533
1018930530
1593099850
1420761348
456203628
639234678
358933572
647147322
1800347049
1857436811
191640027
1191708948
886823725
2013260093
126226542
521422508
55897896
1536656958
1651112843
629161228
1833845787
2091031164
2081168827
1193823634
1407545995
751149282
2125535481
159395547
1123172524
386601979
449280961
501952447
442924282
1466411379
219326956
1580503214
1662524121
528733600
1917188218
213049756
217968518
1784951608
229000578
1515044046
124129826
49110645
1497741992
841118883
1708870585
334698668
89436358
669318284
1707008139
907316935
377200916
709213941
1113761660
919055366
93698612
796575807
5909982
1939104815
84886017
61396308
1507054207
165794159
70575815
93502755
101054040
767740699
184533514
121013427
410709324
259792437
136572134
423012082
869849015
1778292036
1455778095
343782127
69860458
400153846
149390445
842479217
44960681
24437043
65414393
298369127
376683980
642043871
233352731
1029324295
754773699
1183211573
595942665
1382325874
386545334
2135176947
1552839112
1149427804
819997799
461012428
241667420
222148576
1844121787
856277710
337223763
101995930
31961637
902197728
1721868561
1452794861
744264416
201192130
450088339
27439036
64668080
201590642
976435847
1182317468
1972836204
1167817190
1183479904
102932834
295087574
459765283
1072356803
545341060
128550775
734367804
1958907357
1502645305
338898691
122572281
83917933
382781488
496320226
655741278
144254838
1631652533
998436252
406960971
2124541574
1322590881
840349593
296197671
189280054
1148025764
254689786
1300319962
1409551679
891574951
787840511
672057704
2278297913
97250104
571589578
1236393404
1422020361
185789882
1628896773
1728856171
1451523723
623493466
789947312
330922125
88847936
1866495478
733712828
66390562
2084524055
2031385538
233922345
138075965
196995675
490722640
2198866777
699434772
303796205
1110273182
1256284618
108371324
1999039146
850561973
666103419
62339616
123640609
1233580721
439848620
127053575
622863971
211223089
615512090
21707479
1706199111
78641685
1105383613
220188115
1958063641
644068900
828081505
633413237
877762272
1899883616
437637803
722923536
912119872
1605146969
225105438
135201193
922067321
1826976488
2009318869
460278559
29597363
167069014
2237628665
1484767116
134810090
1602895712
1155005405
762824242
1740115044
183248318
917489914
590457972
1163359084
1938793434
776382121
604835952
1124922271
562501294
368104683
791995640
1699855731
592685527
359728538
681079912
528691179
867910490
1155228547
1294757315
1686471076
118185230
432336786
410337780
2435891809
871103999
135205819
2021321799
600639815
2461799119
124165106
24267543
1034370647
397636429
1573003782
1210421933
1575738250
1117687650
141597472
941885662
1239608140
70170080
170094914
1846521933
791839782
326782074
1044391457
2384005352
1505476473
1827088869
2440420363
1455433733
665962334
2490787058
1684915163
314388772
1824881987
2151466821
1800841644
206850269
1464334701
1048797333
1784801976
98918269
1447197037
136291178
405665421
444532465
68438585
2077850686
110453302
291954972
1640971129
2429187136
462467665
1548752294
2435997527
358820820
560237890
181944756
1084779881
1824577917
130992847
2596545218
1907141469
1519688318
465803251
1017575317
2258412371
1823318340
2177975473
364318319
462032070
651780067
1282177759
262247247
2408610306
1526944543
167471760
1419640816
928950294
229914060
733176729
30416364
885194939
2623539178
1467194723
819740058
1365112700
1078599172
2328383867
856316170
301199056
1667366777
2584246206
55624890
1297267918
1576591522
1839287483
2318968781
460038698
189953553
264798605
2254016636
764228204
1053549784
1682465625
2538133823
706239445
33714903
822532927
859469455
2018171312
755011677
650425813
2346730695
2076754765
699888288
1589386495
188236873
559264964
224043032
583813800
697461558
488407632
373273381
1883882263
652739415
732567558
1101554256
696612076
1486532380
2455031308
2629126967
494065375
767842029
1307988021
1566923481
1209061156
2192766863
2423980189
1824448316
2342228534
144206200
2773167172
2028353372
520887596
6624854
463416968
388099561
618169471
1246965901
1355573430
251685809
388072551
816936567
1248919913
2033986768
2672870349
303474032
2239289946
97181696
1951991736
1179678527
104171299
614349687
2569773524
29958848
1243027225
779320833
252151395
2246196002
1648914904
1359600007
1990021335
1679137835
306655466
2188959476
11361507
540120189
1300395175
2379860560
683230594
907299531
1692118081
1465333388
2232818663
2463606304
347821489
2877687468
1507598501
1953869905
2873781686
1523415703
2497335757
1513054509
959348499
1078190095
1140977838
1174447604
1431873556
1383007455
780194331
2164239998
715795953
2061475002
885947913
975117267
992997921
2210248502
58067474
6604523
803048300
2209955387
1278450951
1137634447
2393385227
1034611639
253285823
2495501559
567773769
2559364863
2638168045
1252302340
136006008
1978587931
418869140
2681901336
504318466
2021063660
64200602
1133476196
2858588921
2626527283
492664589
2460695447
461046602
802330098
1186788514
749935185
1234684990
206791300
1974652378
836787713
2919511787
730829476
89815556
632792479
118953393
914974712
2807092457
715366719
945572273
270304162
70882091
190468596
799859048
2299633307
2988656895
350275144
2613261842
518212310
2407126808
1783396810
132600979
716324643
2427863866
773454009
1564669824
95529858
2923169593
942145291
555244587
2111440865
1176721660
320099095
509901556
250738917
167272575
240056581
325948098
571819339
1143765441
952980653
14554350
1851525688
1579971566
2130467039
546203404
2552710391
1180882607
743974553
1902052842
242714635
2815878905
2216319969
984494403
1901840803
1757037404
750666750
234687884
260773203
1209395061
997256284
497860005
1476017180
1918904371
1048558721
2335299538
880964647
1055385630
29042926
1662968454
403408670
55854142
1319429577
1226872366
275516056
2742907242
2705006093
450622516
113107401
1227902948
2326683803
1309074934
1646952026
507479311
2472166293
2822592082
1703614875
54970752
1955846505
2368618058
2962006113
2530244951
1098662894
84529182
2067239639
259658996
1909151774
96252132
265793115
1236626402
2090140432
2576841289
2145415782
2153152880
732702688
677093238
1264282567
833344094
155520514
252460147
307936574
2724438729
1012056554
861287829
1620097388
3015879120
793263266
743327062
1735302731
864247017
2393885616
832178290
482808943
134321004
43174471
1634060963
1593858224
2382337078
907477576
22885806
623212875
1260660447
210408110
76721566
702500609
1080893215
1641689768
1243547524
3059154846
614244922
692576271
482018652
2857104984
2186205073
973784926
61128864
2364785643
688086466
324536931
2243799908
3043964261
495264531
407207639
836605102
365601650
1384529708
482979517
569140723
126060075
2046247283
911280880
366599482
1539593838
189756706
1747461728
2137004036
2885685235
397102552
1332042966
406943014
1607701006
1400132023
825654370
2761846960
1167493241
2367399330
1206661014
13887909
786589855
2713404701
588393008
536308084
619200330
2431592972
126652996
2069650846
2351470472
938550793
210205517
1911494072
1463086259
3152014141
508044852
2710794797
18081658
1375269385
75013067
856203361
1588681951
262633658
272025410
631832540
2877139549
2577298087
484043708
789302826
451878934
45243018
142455142
1290403906
1200745570
2539424068
1945182013
1817119571
857777347
2933572706
157773245
1563621172
1229643268
183948424
815349152
912684281
1110997883
198481046
1833468362
1162993421
271033321
1857086022
193197563
2629096465
2377335259
461478180
13284661
2143357336
934867198
2195746011
353719999
496163111
42389109
2970683508
1828275588
1241567788
2086545597
1838943719
1302661760
2779588519
879439978
779275186
2015722660
424338470
3297778903
1491027351
340961321
503551988
519382687
1086808966
2924368213
1952763014
127489260
1408520449
475056729
3333539119
1288247632
1552498483
192278988
2945863500
169168983
1246428089
2398402117
353499098
872744223
1542826453
1145670700
2881176587
2689592296
1124683178
874631090
233944325
508837102
651065070
12624405
1493884422
901809554
88155567
2689150038
15843564
912113598
732419886
1704540471
3153744578
1344314444
2388942921
2249350644
2855239575
2008523565
2064038237
558284938
797198773
1654327579
161601242
2098950568
2648562031
494082157
1730931809
321279319
1052627641
1380074414
184027699
2932017835
444064170
78619186
2424417391
1646633708
705288117
390392975
2841613065
2058420453
578919635
1906007783
334749146
336774416
28789981
752556019
3171399408
150605908
3411185063
32911245
145463340
2723806913
1694100921
2367484231
1000812370
1581040847
35856856
360962910
2854008652
247163698
86731935
2721707501
337030580
1256728091
2914474520
1209667661
3017455015
468644705
566228311
1290970203
339224092
2870136095
221468135
217586996
3248353380
3271862195
322265747
441860562
3115598171
146490855
573490808
2079574880
320186797
2093804381
1372831052
2993502285
2185441914
2725397485
13929892
315138110
2789772271
3438719064
1608128553
2155503939
1130848884
2907417603
2961836724
1774538007
266637009
425676907
2563480550
15237143
2987980233
3389255707
2504777969
3436741158
1301513913
634323613
246147662
1182121588
579479318
519738802
1717431219
103183445
181267651
1096751482
8611873
3340254378
1560012081
558605067
1665700249
946821615
3110280855
2783872847
2546317484
3241589808
528812576
72917459
1035649829
628444480
1009471867
2873497311
1734592281
1493924101
1523174986
3013297264
1661686870
2178610356
3254142561
1261854526
2041703536
3001001761
154967313
1898466956
1270025476
2573115682
1435001148
1091767123
219953543
170245655
2789766739
330981008
734199553
2813202464
872745114
3111681836
2150769528
699160319
1446239428
2357841361
1238829798
880465313
1527836993
1530400141
293460223
2019324227
898437368
30951317
670882794
733780783
1310567458
3037938316
1094638178
2354770813
2165063458
1476714632
551129982
1848677955
1315141294
1110886218
3573200356
333504638
1468944374
877459874
610643031
678605913
754984327
1226314078
419243523
974025
1215343477
2179356342
1130693847
572298212
3200988835
2918635125
292016957
2910199225
2529282465
1432144258
842345095
470289717
642770889
454693696
2499172763
335100228
1651268594
1450569488
1526870604
1368854891
774220564
100660327
2481710093
1902523332
226737790
3533933451
1212481962
2116170154
3364868803
246940421
772518559
1420021423
58608163
2563111522
2103534710
3714270258
647713142
1756197987
175572417
1508215789
2458662282
370445035
3180025
3387873184
313643305
1281798647
2723304447
1712726141
1546694308
2299027577
2627748166
1495563144
2177206800
942657950
1002512681
14477405
2406851125
1626506082
161145675
412341522
688708699
3483261235
2239118409
427189803
305764331
933217268
1139767949
2638981156
2021170686
3652977833
1979522205
514128200
673983228
448195603
3541037122
135733843
3343059586
2298630483
545645398
417248334
1660198384
1351058500
1008740177
563160265
869261879
1845252129
3499370824
3258159972
1665392986
1056164969
2566963720
3710445764
32023664
1439665584
296531534
888173106
648438568
342561287
267357021
26531339
1141696425
1180462465
2606305507
1722731472
3242581005
1433442580
512498491
2349209269
117282341
209342258
1429121763
1914070493
2929181704
1540775927
2608256174
1846574412
1829995016
3179010006
1979731562
1466154952
3491262336
928686415
327728688
1389461816
1322614355
2482109614
1118803988
2338471294
2944512061
1667719102
694290514
864491279
785938099
1044997652
36974057
588643259
771655770
1934260118
2508928181
1674997138
2412807938
1344498934
3837094025
359359347
1558086498
539672461
1182407292
3244682893
883002771
2585149443
963340135
239415448
2489728803
1629848070
166070224
3543937542
523916857
1525080776
1798215473
2778039674
1403818241
2135300666
1999032248
3286204772
1901209765
44640087
1552495281
3008104686
1451274413
692183576
274601833
187240005
3816552003
409666784
380910521
1231302882
503349536
750256781
288683635
237537864
576329958
389548918
3745564868
677788699
402121900
2611841155
582959004
3880318724
2737394572
3151170921
2600345022
276867471
3153055062
3720770131
1976861921
1100769363
1492699655
840536820
3560376188
2225861688
931525305
1265115684
1796816564
514085210
1121593013
822498499
2385803041
710510612
2496733985
917518332
218003109
553842124
617461530
1811430854
1434320668
3643315523
3182998537
218011673
185798905
356377072
793238515
2428761428
722709076
435813733
1666177220
549235224
3071059199
2973743285
1620355344
329252575
65794170
865174383
337988726
1758716116
1779329977
2333273674
279605641
1408043320
2927459944
2240964384
839388322
1260414225
2848985105
1542260993
1896352327
3680868731
585487531
2433016329
3346386941
2006856635
510757024
4033145574
2277617282
1403827845
2164680399
247335078
3417143438
1151237231
2347567646
2339268177
3545029804
228251498
1357758383
3505769097
269540491
1726467732
1742463539
938113948
934027526
285598922
808847774
3603443583
470215811
2497166077
94402549
22779090
394883529
2387361791
1483688369
2885865291
795821087
417013077
1749380847
911050701
89361112
155861416
3533075447
4054229997
1608057701
716857306
3300094497
3206093370
1071292477
1931268077
1405946157
877569820
3413981338
4114111728
215016948
1967592193
415562467
2242091495
3345750658
3203128152
67193608
1893674915
797609396
2141258177
399246975
1782999935
198356372
3646242775
46196374
1185355448
914506657
2308896737
769382960
1312788764
468449016
54794667
2319049723
909317414
371566583
1233348297
994510596
3958145476
3628386637
406994524
2894192470
2439564771
681046618
1040993740
2026338089
1401091517
2359817041
3732567177
2623294683
877795137
942719895
728255294
86637729
2649492035
1913049902
1398567042
2174131479
2637901853
2659345843
3309237323
991864013
135617848
1179864567
1644303653
268639130
842299775
709889085
508470660
647037710
226375246
228053711
3578881959
1175455259
702348186
2064562029
2336529831
3571766085
974976079
2241032311
136079787
428697619
429102658
3928299173
2275352362
1412439489
237167282
1173325920
3057510488
2735873716
203439667
3582564721
2101086735
1200099473
778233831
2466911533
3572902420
3829971112
2612496138
2001247821
46534320
2607259566
3725307865
4237440585
1602775441
37520685
3701682326
3235481798
1741415827
625539849
1056740871
2119591222
1859917987
615208388
461036954
2215348843
126564956
1737542276
1654105946
2020907007
883260085
2385794701
2546535218
372526715
1434254270
1366092035
667393644
575398982
574424943
766990516
2656337549
2120019758
1968718465
1265410667
2495120164
3014783697
1267226282
1732662568
3882800009
811900356
3015681883
107550363
1520977645
942376509
426938172
102805892
2202361321
405516616
3552126514
1671653142
3063926627
25497972
1311849052
724876052
1912868810
2476256126
170983612
3429600281
1827605303
789108247
516441110
27664550
617543884
2908423001
835709312
353686851
3096750731
183962615
353113339
817376813
207708990
2022542547
589997479
902948121
1547009458
216639064
3809025930
1667717186
4249556549
47634416
941298732
2152893207
2781144715
1397008752
3620298812
4003460045
172410607
82100954
1730894003
2264142849
785391151
3982809604
5092312
29484125
715927322
3032537397
2566669885
1707657594
495883114
2589248217
157787132
1880378099
3194476644
1609206845
21966582
1509897492
1734074312
4290595956
509184232
95389885
81693293
315102224
47171410
544920759
1645677059
1993690444
2307042357
564987749
853717019
123371466
3736359221
103148151
3608947451
3934038057
1161709890
3683998297
2586754021
3135270631
4291739253
322782316
4183342661
137500135
3742305506
1490855043
258519398
2382390378
1858136765
719808971
3981451198
141150177
394819680
3955344070
1751248973
1762119325
2083673658
283691223
2006947245
2871898457
718199140
2291933633
3431580618
4453406439
3424878612
424102619
2304026156
3469534568
3153440143
3455750591
3219741864
226372344
3295797921
12196162
714649075
2851026894
3837024196
2909529880
13820623
2866855552
499348862
2352715923
2250235785
1714683655
697646915
583672077
682024341
1312051699
4140043999
2404158777
562620743
122392962
88642487
67489332
630607270
267998054
1142727642
3967525279
3538239506
924846325
3602844511
3828585205
3294444832
2404409072
401144402
820000991
2199372513
3796540099
4484312505
876885056
3565439257
891316726
369212917
3194380003
75136239
160914097
1125991777
3560956340
192146002
395676723
1551211845
4354247628
2173129394
422523181
2249040873
4348171289
1720674029
3193649233
1611274356
1104987440
1803562127
736711974
4305766030
2490402795
170522715
1258830522
3515024336
1213073465
2300249204
458498556
452105697
105301257
236884188
1751054296
2375523436
1736435096
1731077179
766925542
4389450991
4458097477
2382919365
322516247
3631808568
3148902314
3885676110
959537213
192814408
1792242035
2171402966
3079541646
1136404354
1369265799
3009960029
1752353772
2799224339
2642231720
2868325945
2214064316
2050084485
1241393737
3930813006
297716383
4360004045
3929021771
4618646461
297547582
1680513696
2530905283
716688718
2988788610
4290892939
1578518203
4066645596
849969215
915588682
2374381538
895092396
2170975527
4479221534
504506990
2574060124
2800331282
3427657472
4204413859
3339066801
5642297
2200055952
616432551
1260506717
1312879458
1339220094
58475491
849111459
4281539703
3377932362
3257003612
624817629
1498820334
191928330
837481020
2716350225
106767839
83222323
962509954
235228871
459763044
170119019
3423886402
975357794
2468972159
2793259501
4169301465
786798798
2546568184
591240653
3083782303
30520201
1289747661
1567357489
2666042892
75677117
2775949448
1415233125
3274656765
2736893299
4630428475
1082012799
203037677
1724691811
236179620
3573198564
4245132612
4105065123
54342812
4647518614
2360519549
694823700
4112643496
2232611683
2029051359
3572397104
1390283070
3327784920
145622634
1282961811
2193237802
403665427
2953278097
2884204646
59579161
762143734
2709151580
2632883569
2029450382
3720445623
4357216799
1369228203
2252579263
183537228
3967799231
3073686925
2819982493
2739407646
743258575
2623647798
1707365978
2512290462
3086789610
2180590924
69018402
617858414
1270002439
1632417534
615326624
1363353493
1930709676
3471066403
2195010491
2436923549
4005126179
2646089457
608933760
681476074
3879932750
2552395345
1990998435
1378184485
3463297249
2153976184
352811678
164716875
1024466625
4728998488
408235174
903012876
409753318
587662678
766333180
1082679306
3373514703
1020923763
2187573652
3959791728
3258936867
3100992106
3540860907
4018711912
47111345
167504600
2139082203
3980228659
1158613688
3079505368
574321999
2080756308
303975906
1194131539
669897181
886202096
59565045
1692895880
2258409614
4425357809
4234945628
1092522627
2531928559
4434886358
1724073790
290276528
1608289623
4829236721
245842079
309437151
861209153
4756879946
1794999185
4834168379
1203100404
2164788381
2625440732
4202722908
2307175256
760656743
3937755814
338841586
3234293266
3814193066
3085343802
1450407634
3924232918
658737854
4564938984
134179098
800706851
2468392138
1844748248
2739793477
296183323
358695543
2151415600
1931338053
2412966269
1824190629
2240951890
1267338995
2048692615
2927578457
2895874784
2962921237
3039845563
3626493515
775251745
1579165744
1628336807
104173707
242775663
332127912
1560380142
3353331201
3975817513
254753566
2302187353
1680060469
2243402360
3124969133
685580233
2325574470
2186656611
2118159968
22206715
3322669545
974269159
1714761880
125793035
2539584780
181365657
4298511342
115664736
768574768
3106309424
1134293106
1991784757
593256956
565963193
4858322480
3572094344
1772514887
173124870
313345816
440806906
1489793608
3368583781
2431209804
2416001008
402027612
2592650284
2130179834
4957581758
138269235
1532991338
1539473503
75555562
239608505
1829343749
981305308
1730870198
365726141
133644718
1862584002
2812345509
601493871
898756881
2509624610
1813288746
3570247982
677330791
753485932
3313918182
723840927
2823278783
3695007660
3686207460
33555406
1919601431
1776010945
18392708
1518512500
28715185
172470202
1589155809
2899922217
395414875
771524068
4721518566
4719395704
3271427950
1319067251
882077767
4628859876
657340517
399627510
586551685
22292230
433103489
2784430628
1258032985
968492551
393393434
2035784467
1668005217
387277639
2007599805
53059394
3153075037
151795414
2245829570
3534900495
415700739
4238291524
272688694
3442752570
1403756577
827907417
2615997509
1820042120
137092503
640798794
1061584895
4463937938
4276924670
1526938716
840200209
420384022
2557938781
830240755
3262847382
1802863997
107801937
5043492220
211625454
1716176235
5008906360
4580275825
347494875
386704574
572108340
4541908592
888089709
644851347
2450312428
1709780965
1794795892
3132616549
4410587969
1404616313
4046531357
1094055409
1353773470
3899280740
3518260701
426050835
2584146582
3951404113
2451099346
1439705312
2560983903
142123259
572966551
681673378
3236255872
252575380
3583100735
318020107
2907671980
1541903173
1562830928
2143623073
3120880261
4919189928
907746427
361102874
847189164
1844459511
2764128834
4220129460
2273831317
1615362612
4357695065
3129969721
882475586
2935136222
2323840914
4268543685
318821450
602387444
1700425565
579852039
1746703420
2172881000
1799017506
1340592638
4803118333
467845479
5047513539
1242681319
1994120174
4398418116
1831090397
715529550
686837970
3679173405
2491547369
292830563
3292128395
702353601
3653073077
344347934
415948791
3642574688
390697471
1500523584
2842069835
4677171546
823621266
64103543
284137092
1209325014
3346857916
1135475212
159541823
1530195732
3410126323
170864284
3794391831
2407589062
2799910659
5056221555
2094480914
822063298
2710047511
1833469467
2943734414
3808847447
1428200565
1566586364
5009087152
272820388
1007295627
3492539256
1308707887
1002915528
358500802
927458829
614089444
1228712780
2537046713
2688917127
5289772120
885784129
1086895835
29046265
1176400330
1626794552
3201279914
2705662176
498218922
3182112669
2525318477
4106172081
921158454
3400009413
2283471064
3018969621
2317229648
133439626
30804765
1467912039
4674482872
3545723506
1054758130
2070667912
3649055909
1714335114
2064471096
2330734987
580969612
5363581975
1127019124
56954017
2548488305
2376077202
1219682944
267841934
464318106
550675708
2598913081
309675067
174354100
344427205
1059660709
647341184
933167899
2237588009
2715214173
4625178427
875730680
2942143592
181828630
1643791671
4231622840
4303619483
235249639
4108596415
2931026511
3289709820
5368066296
264912866
1187833524
4038826215
4756752054
1430221387
864638718
2821416848
2554711050
4619225517
862096570
4381061554
1296214265
320097131
4094751425
4048122135
21247402
553792917
2437768701
128258925
5237125641
3785226535
1383185399
2085294044
2469238099
3260170972
4931884199
1784087307
1769006905
847342183
241685199
734195408
3807591667
5185747945
1564896294
241630352
23360359
2847462946
2989646915
834009033
312783797
112952777
84461990
5253598559
438983652
4940720648
1112619339
126251837
2533792178
3625494519
465098308
1218986847
1370210596
274463108
4237868490
4862703896
1246609663
541604875
4627212124
5433452234
2103898697
3108391852
1641214626
2968196915
3528269959
5087994006
4053007945
4613704818
1944580657
527582180
207193141
2977653245
2394611963
4984691213
1932660984
3215751644
3592742650
813221068
2501387076
2355381804
1097337014
289756530
29073172
776324503
871748468
5302839691
3037560821
4422709506
878531326
2058789824
241523751
4338666183
5293855451
1972742857
694157875
1163510374
519326950
1721420564
4064967445
1554622475
1195517798
4122140422
305207472
2348468056
5162081276
4443020679
2255045692
4458296343
2654378218
44899818
4754597437
3838768277
2698336793
1419591529
4215506540
1903052173
5298903664
3562075011
2339123575
1152038837
2893688100
557353720
2277782294
4544980270
3474663381
1443591791
346256731
5323149052
3774443255
3445744805
5094500287
5520195433
228956174
329158702
4949904739
2149713635
1969671359
1842442869
3274798736
4376701513
2470052131
3301923010
4583235791
1022931439
118791224
801253537
2131972784
663580428
2655625903
1444185046
922851291
2985679963
1026296892
2489136904
5322899492
1562032646
3290110988
1164354504
5143371820
2385737936
3348351949
4251702869
4597838756
3164798150
2102619838
712526694
4371647288
1498741809
4227220467
2843280007
1850738703
143693805
4432404221
613041711
242241502
1375986620
1146233271
2732138260
3098955655
4774582480
275462348
4951975506
3260419823
5523661608
1582109952
912187305
863964432
991425361
3346012861
229751373
577667514
302715662
402521903
354853914
2501375588
2517777139
2186638327
191990982
2531321631
1496788849
101053855
5459229994
1379718880
586807681
3977821531
832585327
588627838
4510067721
2952170850
595191987
699691938
2811481501
542701543
166320696
1324628646
1358590720
1021283008
5671339432
1464223380
3378780415
1833266840
866124194
4673721562
687655763
693484067
58741537
1734715031
957722366
4074158977
13342314
654361439
56873780
5143560472
4399671873
4185441422
2869689428
746595815
3551983022
3549034911
3383720637
2471531341
2401069244
73624952
2575762104
1680080845
2410817605
2630972698
3175272495
3994291314
481059489
4967302931
3043234782
4163441139
4965322963
2416373707
5299157652
3091017044
300876708
4006083102
3581666297
3040694045
4454920394
2468104892
2930255084
2543155139
1236230357
1318986462
834708695
233342320
1441126877
1411525459
485339152
4975568939
4190558879
3525893845
3041499472
686653810
1558187643
4374859545
382135839
981560555
4729060148
5519410402
132819638
3656029884
3497684474
1344361971
4096370975
1227073030
3265615702
1872803900
2152454257
5523422204
5198089083
2251700482
3444652809
204061411
3920989749
2610381318
5711691073
3723482542
5835968885
2392647057
3508270095
3087005033
263172267
2983843097
1488482112
2553279224
2290150783
1974219893
620133938
1473219422
896920149
219729685
2409764082
4991856385
390774758
855825964
5209237247
182949857
2801518089
986297421
1989753655
1437825501
1894819059
365567848
584895530
2983083413
2841208541
1125442762
5713198311
846586453
30083565
2183271751
254160622
5060888365
5292505355
87494540
1734629072
5424292061
1217178406
3280891680
5136176091
126115110
649053237
368716377
2890890627
4815339389
2465861978
739299826
3654922917
2619944698
510930940
1179751215
4502895009
718553464
88742638
1191192987
4775548500
4161792664
4520268248
1986512045
1140065582
4000267619
842925173
31805271
1710678601
2401942315
4051138427
2013120162
2897768123
3430252167
560090483
5387413057
5208868484
2336036406
1534843609
2290503049
3513175977
873912517
3432185102
5116788398
4256859820
1837338757
999898091
4500575492
115383262
3103572566
15412542
1368448706
1667358871
1797601488
1045964869
2044452302
71969141
1275147023
4009930006
25291990
368224523
5763984744
1827521048
142146247
150068829
4361467296
282478373
2844506300
33695589
1507080720
2609992873
801393585
615272553
1874672106
2224045954
231651038
2055173341
919689107
1381673569
2950970910
3388779757
1875923101
1568364932
4783307268
1112829667
3299212659
2806037680
3473610856
2640578357
526824084
903147384
1066049465
4198918832
4995004187
2977432270
2797164293
1090020742
1449059761
3542267060
2687692285
522541023
1657105901
1712704958
1250485368
325802151
5932620468
1928269729
3331262834
3754506164
1484089763
322076838
1948110308
3732765575
4433973653
2851275427
2538849705
1851020252
1161557302
3278941405
922689595
2507018182
2241332676
2788769793
2682676497
951914969
6116870271
4372893756
728284926
1115670517
570567798
2936350298
1324704195
1228388478
1271352134
178547969
431125624
45774574
121504549
276813475
2647958924
5487551898
1014652334
4775764650
5261138984
727266524
3000569686
3583949887
2046173696
5137028268
1456421899
5929346020
3513538075
729238081
436765457
52000644
2039902018
3681925412
4034069815
202865551
2775984843
5013057914
1980351186
4392483051
3410102986
3935915753
4576332135
3564889193
1873394722
1413479133
629992725
2579086629
267640572
1401665288
3249260636
3400024399
48062828
421104325
2316781341
278160397
2096646396
3214789628
1058104932
3488607784
4027532420
309131049
5178537002
67168024
4204621011
378274271
1446643518
3780800512
2531417832
920538719
2302992049
6312982888
1136962696
3439520849
4606925845
4770589509
5997371034
1965862965
4329938663
1525044228
867234589
4526015478
6165117883
2216064933
615079223
3529222526
1504492928
3949097668
1688635391
4059690965
4084833423
3403655180
4334321177
4771258994
2134460333
4782382649
4052809796
158061659
3241052148
738786487
3046959099
2426180414
5140070822
4738691558
6331207525
1907144240
5533217779
1496990623
3393767492
4833252369
4961419160
3529538306
567518433
230104169
2156766637
2077592706
798332957
557202225
3734398741
1438693731
997828951
2009531153
406068518
158206021
3777522979
2930523462
268138645
2584806349
1287334857
573004926
806313204
3566821986
1218741034
1988950162
831975149
2115611519
5504740443
385453547
3688067562
4855615460
1480104375
2216315619
5390397316
74080922
2619128781
26083305
4022977618
3023216020
5723963242
3503159666
2348451705
4561912061
1277576508
430314520
621196295
4588632628
470127964
1827115274
3286108000
6249666391
4384768778
264943858
379060419
3628832533
5696502648
460218605
2861026168
1192572639
5018683012
1040976823
3964190463
284534935
651470107
2721184818
4513125839
2033412776
290990213
83410219
6464488970
5478486100
469687994
5774871147
5377439956
2224306896
911977800
2237089978
3936391349
2094237540
420564721
1029535655
510720872
3040084589
1742444226
3566226404
3781311721
5619313612
1720521734
1010503737
5286812750
2441201772
1539523822
14757979
1666284510
1764174293
2763979418
4380477905
1993793785
5465747422
4283486528
3474623240
1733808467
421374631
275611814
2156418319
6181766190
1320696030
1041564328
4281987781
1943630053
6504261441
782187958
525304105
5618221614
1788114715
1936637039
1291775815
3290088887
121958958
673910595
3303734068
5191282702
403128269
4734169682
529498068
17030151
2834835209
1217711992
749431478
100829429
7649602
4218885414
1740301147
520703829
4181068753
6017092443
749435514
1919261215
4334907377
5209102453
1722557715
4626363168
1243813977
4249607559
1924535959
420767086
3714340471
947809485
1096897806
1119768904
4880411997
1475861695
881399443
5756856217
3527591285
2229984877
957572391
261087831
2111154014
2794827184
419395192
2616311028
1097559863
2050969405
5448230414
163187195
4339888870
1061485718
3832219401
1918597884
525832061
3548223699
6132892660
2192221746
3085129533
3016453121
122108055
1290258334
3566254039
1749368088
5852464697
3154311438
4988901511
1493045982
4267073586
335024976
1599501419
1796143023
1894581025
2322649463
3682056015
2200115835
5094902613
2489645704
38807525
2499714287
138171929
1595176212
191015379
3620511022
6311407583
305010134
862246178
4403413988
3878273622
151499772
37410059
1426270289
3572038934
5420470857
2242611892
698706653
556465781
1703384883
1586660476
1283389390
3836065369
126959402
4347674142
6735039126
6712574908
2449641424
2928134702
2039241764
36525797
6093958114
4087405590
2800947434
1110433809
175493332
3902596767
4627154413
4703951494
1244523861
1007330589
2740138524
4008086419
32591908
223832576
5067703635
3314375488
6576945613
13004617
4287397129
2961535755
3457109319
4284094217
4976830466
600724058
545798580
4491889664
4440723272
20991618
211785963
4216226660
955418907
16330111
50735773
625408371
369713857
3738262379
3900796826
434218074
3480176310
6324523964
488951025
4060101425
392475232
5247675203
3025637964
1174094863
5918305767
711627168
1493130339
1879561046
2952800522
1719764876
517026316
652518786
2232457065
2684087411
6829212477
6581524717
1241764443
2535637317
724252053
1856734678
3068867615
2037462660
3967537645
4906347627
4308696734
2869974751
623546650
6067731681
2224577764
2242985933
2377473417
5677595367
2730296740
4775358495
2647125562
1568832617
913524708
98770144
1709654489
1824177536
1498739402
2353865228
833478907
1935413271
4331932486
4469875835
5514214445
1198133726
4677294625
266945514
2019633280
5915732630
1014102215
872369977
5324276829
2234218904
1157026601
1202582659
1586272484
2424318990
1825043590
6804090443
5528014391
3394305985
6853314634
4334543875
1334115417
4949971509
346154564
221046236
3095045578
525680896
4776072760
6704129578
565134069
2451214046
244211050
4147112600
606073364
4784506729
2962545107
4592271936
5472877616
2234971145
3360180753
708127301
151371251
1315182720
3140668578
4528995832
2115646708
4881514205
2269188892
443127319
5086471832
955273499
2032671682
5576702168
3823275233
890446476
603364896
4857083211
994839977
381915456
4974845249
1050254551
3254583171
556571294
6815888117
5734796261
270121586
4644945063
4204477596
2340932404
4543953608
5359329793
1249032249
726277864
4850067094
4411525426
884472530
165787494
2553203208
4976962290
1845581602
4693118759
667020700
3195953751
1383499435
3778476350
470788168
3325682345
3773183889
6407465651
5825928252
1938411170
300348209
2287751885
6962654800
1931936276
646551610
6960544774
4424033943
977923563
6822911098
6466301353
5042545745
6413992678
5468312304
763522670
237104391
1310691107
4674613544
5462300746
3590740863
738561254
1093502584
1292097709
20538855
4104075906
3026126723
271436279
1606818188
1263300265
644630442
296792152
124670277
2961112045
300690416
4223140568
1610158583
2999324691
1891607299
1581979676
2914950937
1857280828
5503425876
2697141107
4958321831
2376928778
5904325433
878666550
2434921428
345808541
6525922212
311787321
440954501
1922190882
2907899913
5030121514
4391667509
5005276867
1830971419
677350571
753918772
2910973209
1324334633
337017695
3880685921
2192212216
1758463055
838779187
1074359243
1876661109
6178439749
1111524597
2901610434
3471112645
28497905
163327430
3037023562
6224314123
1786741296
1603480975
3690209104
441602437
4487332332
7131887513
690234929
1623239614
5306793132
1766207179
2922008179
779894455
2001763805
5294346421
1218119348
2286851187
130304310
230244423
3695177131
2783918083
982593533
4965048192
3146702997
1558484454
1348777201
3866887355
1537224693
1304526242
5590402499
144986894
4152008818
2480293180
4366016887
4324683212
2251048956
6264433103
69680633
2426201620
2024920693
5819331943
6556293381
3173491626
5318795954
5740672212
1895165231
1895847690
702823112
390219308
2624179221
1161239481
2804758320
639855968
339384285
1927735187
6859705955
1261658652
495639043
1714095422
7055659066
235100543
3702282188
522013379
3509236700
4014918056
5577050739
344660363
4164221786
2209094689
5512934116
4830001581
1522798818
4553813701
2092599725
2455529076
5131298483
615435656
3668056965
1539233998
675811380
763240501
1953230125
737490864
3903578528
662060442
5444135454
3662560965
2700113598
3372597219
3026555286
2328904107
4220513083
1427567872
2914734898
72594924
5283700348
3413000357
596922726
1568574365
4062954034
1862955473
2884708530
5638929183
2160977108
5700782310
4546571406
2679923179
1521181210
2745848312
121387083
2279166302
906059134
1855161103
2459666211
2101206042
522937634
378156446
6142171521
1257119920
6755316876
542319936
1719704751
1687658712
86252163
5386260616
1685615892
174071789
1721464803
4192145211
433233567
1386878447
3733028421
3816904471
1817515313
245665348
6840640704
1758927950
128293524
2715640830
3294124611
4410980039
4721093702
4458212695
1069367524
1015163915
2559288036
6953909069
4762243081
2261736740
657405119
4086724631
2144028677
2379126129
3440833292
4283448585
875735210
30018103
7315760795
2538364578
2110416532
3616299448
5429571186
530694323
7207764836
6899079712
4254927501
1719998653
939501149
1004069816
3308775570
605579595
1402790995
3487382323
621771833
337951194
6274987763
179483913
4469698662
1832406420
6051085522
5382336727
4823028763
6716384194
1378424592
2070774304
4575897100
1980065044
2129166119
847172188
1777978648
1420155635
2939179971
1151896533
6749927279
3368287578
534025892
3968120903
5143424120
359909122
531106181
3267630971
1468452503
969650507
452835135
4273319231
6558819160
5750050654
374334735
3603055882
4508895428
1532630722
175746121
6102172483
887078460
2581797673
3082654570
7262994889
109232569
1593111559
874811697
4378952823
2974303175
1167669023
2671870760
4646065943
2281846134
3361676722
3851155370
5397694086
5611309355
104706052
2062331581
1024537343
1719978866
3567361852
215594251
4764332524
760727670
5517638377
854867491
2297715718
907843159
5494884947
2695719970
375491329
2554621412
2356276500
4149641712
3047345951
4788600534
1361233874
2702659673
1544401559
1806904850
5959147653
4777830105
1251073876
5254121117
1493794464
2976462113
2049569601
2262467546
1788246006
298886777
2080595878
1554569143
441450515
1522496291
2631194924
7180117743
6551368302
2627620260
2065138745
328998396
1753321281
3684658028
538634973
3300767200
3588746799
2071767508
830177205
1197176991
4502512006
5579109351
6074060862
469243497
2511636397
5291937243
7036151663
5229887861
404683831
502886640
5152695834
5183495928
2811411126
815639397
328640219
6894431342
3756344659
3990614835
3667039332
758893530
3905093352
6099141434
5959553364
2117697303
850690712
2658100130
4511267468
1765125528
159685846
3541814714
6444694390
5291489167
3727188789
5997021091
6242176815
2058041470
1704667239
1065435155
5251009003
5967850861
5193875890
4763814485
280399890
1961641462
3194151967
4110128111
2343481166
19664451
293322548
6796811201
1142879469
2458563929
5081729129
3297057388
2881319855
1716480789
7456591212
4970185280
2591663686
5305622185
895335197
1567244315
580226729
2834618006
5809967037
4363509193
1366148012
600104573
87049229
4485944659
1721597293
6896328700
4112319908
3406423078
5431446198
4834033231
6331494757
3074309537
1000201508
6624408567
2646353935
2155857743
4787632873
262179836
4606498277
3073985417
2459754209
6634123164
3479958893
5256754950
5547722157
5264276509
2535871501
2651112710
5264487557
5665021793
1149623516
2646954525
6111063330
1613666280
1224916999
71899077
2930850172
2582415517
3846608502
1294330012
6153398763
2362839561
997169257
4354199900
940854354
6687251173
3013579076
5428205078
4006700278
2451276754
514929620
2614934640
335485917
1338294276
4099213873
643843481
4597589464
3360410604
1220965053
4993761359
833137686
1592287
4567587565
5713392480
7356164533
6067999718
1423555434
3568937565
3749128047
6896441403
390529737
122995645
7575984739
2233574121
698083842
1117831215
1854662212
1149518389
3180542386
2604341868
67486072
2315315897
1308414802
5207261655
6602495928
1985202316
1536100825
1745466273
2966826623
5153285846
6673243199
2009417329
3487154024
4128500012
5269881711
1055836115
2157413807
5653282944
4664862576
393700037
3066577477
6331750359
2432388880
700389138
1288489170
706738593
265301037
1996805849
225142158
1501496583
117282549
1172592464
5453020834
5904708498
5847578815
1086153071
317255651
6145810260
7060804979
2403210692
396480153
1482927817
1005029450
146525870
7220284952
3284264776
5839604330
2620016048
4816834823
7644876379
3519899226
4354591409
1200415331
2241110623
6346488720
3830202529
3711524907
1638387135
4498008087
4903315786
5863845543
2120653676
5055815212
6495585957
1274306225
7380218236
299106252
1618393232
183292254
6880675346
7691944046
3284549800
6305854910
7038927856
1598916656
4782594691
6869400958
6730216075
2601647454
6452850976
6243346658
1538359426
2196673798
1530705337
3033035594
968470314
294843313
3605222560
6273093200
5095505187
7256299495
2877494542
2307516636
4379789940
4189183256
1364750839
2048559476
6042796414
1507007786
92997140
10716846
7449830923
2202385349
2974536173
7394115208
6875875907
4664378532
6500001760
1950517931
2561739602
267700071
1833265966
86557485
2192064123
2351076342
5542123647
138696538
2073216364
2549774913
1995618649
4619983545
3823948690
957393971
532832575
2130256251
990626956
1193721882
6446763213
801519035
1271772770
5228112414
4737889071
6150316650
94417904
3997807236
5015120212
307810372
6670913762
1322769349
1450238663
6218542230
2761407238
3469549637
1584719925
7039057533
1797861199
7063750667
8087750010
585000982
6765268943
2551776576
1743154487
5792056037
3034382286
764002141
2489864692
4163631913
7666953225
7264551208
1930892741
1431940742
1349452939
1550668587
7079451644
